0 info it worked if it ends with ok
1 verbose cli [ '/usr/local/bin/node',
1 verbose cli   '/usr/local/bin/npm',
1 verbose cli   'start',
1 verbose cli   'access_token=743145993844178944-RECsFVYb1YOsZ1MYo1XA0IZWLiSILUS',
1 verbose cli   'access_token_secret=YJvZ6G2Vyp16ztM4lpY1nWGmtkX8phGEq1G1336RAwCGW',
1 verbose cli   'consumer_key=5mzvZtbOfrJ3Q2xdrC1Q1nPAP',
1 verbose cli   'consumer_secret=pMGypGRIMmro0TuEN2XU0rfjGSDAvI4e2aH2Qp0mFNWoxcPrsC' ]
2 info using npm@2.14.20
3 info using node@v4.4.0
4 verbose run-script [ 'prestart', 'start', 'poststart' ]
5 info prestart botsofcode@1.0.0
6 info start botsofcode@1.0.0
7 verbose unsafe-perm in lifecycle true
8 info botsofcode@1.0.0 Failed to exec start script
9 verbose stack Error: botsofcode@1.0.0 start: `node index.js "access_token=743145993844178944-RECsFVYb1YOsZ1MYo1XA0IZWLiSILUS" "access_token_secret=YJvZ6G2Vyp16ztM4lpY1nWGmtkX8phGEq1G1336RAwCGW" "consumer_key=5mzvZtbOfrJ3Q2xdrC1Q1nPAP" "consumer_secret=pMGypGRIMmro0TuEN2XU0rfjGSDAvI4e2aH2Qp0mFNWoxcPrsC"`
9 verbose stack Exit status 1
9 verbose stack     at EventEmitter.<anonymous> (/usr/local/lib/node_modules/npm/lib/utils/lifecycle.js:214:16)
9 verbose stack     at emitTwo (events.js:87:13)
9 verbose stack     at EventEmitter.emit (events.js:172:7)
9 verbose stack     at ChildProcess.<anonymous> (/usr/local/lib/node_modules/npm/lib/utils/spawn.js:24:14)
9 verbose stack     at emitTwo (events.js:87:13)
9 verbose stack     at ChildProcess.emit (events.js:172:7)
9 verbose stack     at maybeClose (internal/child_process.js:827:16)
9 verbose stack     at Process.ChildProcess._handle.onexit (internal/child_process.js:211:5)
10 verbose pkgid botsofcode@1.0.0
11 verbose cwd /Users/ireaderinokun/www/3. Open Source/botsofcode
12 error Darwin 15.5.0
13 error argv "/usr/local/bin/node" "/usr/local/bin/npm" "start" "access_token=743145993844178944-RECsFVYb1YOsZ1MYo1XA0IZWLiSILUS" "access_token_secret=YJvZ6G2Vyp16ztM4lpY1nWGmtkX8phGEq1G1336RAwCGW" "consumer_key=5mzvZtbOfrJ3Q2xdrC1Q1nPAP" "consumer_secret=pMGypGRIMmro0TuEN2XU0rfjGSDAvI4e2aH2Qp0mFNWoxcPrsC"
14 error node v4.4.0
15 error npm  v2.14.20
16 error code ELIFECYCLE
17 error botsofcode@1.0.0 start: `node index.js "access_token=743145993844178944-RECsFVYb1YOsZ1MYo1XA0IZWLiSILUS" "access_token_secret=YJvZ6G2Vyp16ztM4lpY1nWGmtkX8phGEq1G1336RAwCGW" "consumer_key=5mzvZtbOfrJ3Q2xdrC1Q1nPAP" "consumer_secret=pMGypGRIMmro0TuEN2XU0rfjGSDAvI4e2aH2Qp0mFNWoxcPrsC"`
17 error Exit status 1
18 error Failed at the botsofcode@1.0.0 start script 'node index.js "access_token=743145993844178944-RECsFVYb1YOsZ1MYo1XA0IZWLiSILUS" "access_token_secret=YJvZ6G2Vyp16ztM4lpY1nWGmtkX8phGEq1G1336RAwCGW" "consumer_key=5mzvZtbOfrJ3Q2xdrC1Q1nPAP" "consumer_secret=pMGypGRIMmro0TuEN2XU0rfjGSDAvI4e2aH2Qp0mFNWoxcPrsC"'.
18 error This is most likely a problem with the botsofcode package,
18 error not with npm itself.
18 error Tell the author that this fails on your system:
18 error     node index.js "access_token=743145993844178944-RECsFVYb1YOsZ1MYo1XA0IZWLiSILUS" "access_token_secret=YJvZ6G2Vyp16ztM4lpY1nWGmtkX8phGEq1G1336RAwCGW" "consumer_key=5mzvZtbOfrJ3Q2xdrC1Q1nPAP" "consumer_secret=pMGypGRIMmro0TuEN2XU0rfjGSDAvI4e2aH2Qp0mFNWoxcPrsC"
18 error You can get information on how to open an issue for this project with:
18 error     npm bugs botsofcode
18 error Or if that isn't available, you can get their info via:
18 error
18 error     npm owner ls botsofcode
18 error There is likely additional logging output above.
19 verbose exit [ 1, true ]
